<?xml version="1.0" encoding="UTF-8"?>
<!-- Generated by org.testng.reporters.JUnitXMLReporter -->
<testsuite hostname="Mandeeps-MacBook-Air.local" ignored="0" name="Default test" tests="4" failures="0" timestamp="25 Sep 2018 00:23:05 GMT" time="39.785" errors="0">
  <testcase name="VerifyTextBelowHeading" time="22.764" classname="com.att.cdaAutomation.UMAtest.UMA_ChanLine_CRM"/>
  <testcase name="VerifyZIPCodeInTextBox" time="0.053" classname="com.att.cdaAutomation.UMAtest.UMA_ChanLine_CRM"/>
  <testcase name="VerifyTextBelowFields" time="0.036" classname="com.att.cdaAutomation.UMAtest.UMA_ChanLine_CRM"/>
  <testcase name="VerifySearchFunctionality" time="16.895" classname="com.att.cdaAutomation.UMAtest.UMA_ChanLine_CRM"/>
</testsuite> <!-- Default test -->
