<?xml version="1.0" encoding="UTF-8"?>
<!-- Generated by org.testng.reporters.JUnitXMLReporter -->
<testsuite hostname="Mandeeps-MacBook-Air.local" ignored="0" name="Default test" tests="4" failures="0" timestamp="24 Sep 2018 20:38:19 GMT" time="35.242" errors="0">
  <testcase name="VerifyTextBelowHeading" time="22.005" classname="com.att.cdaAutomation.UMAtest.UMA_ChanLine_CRM"/>
  <testcase name="VerifyZIPCodeInTextBox" time="0.046" classname="com.att.cdaAutomation.UMAtest.UMA_ChanLine_CRM"/>
  <testcase name="VerifyTextBelowFields" time="0.024" classname="com.att.cdaAutomation.UMAtest.UMA_ChanLine_CRM"/>
  <testcase name="VerifySearchFunctionality" time="12.309" classname="com.att.cdaAutomation.UMAtest.UMA_ChanLine_CRM"/>
</testsuite> <!-- Default test -->
